2023-02-02 12:27:07,665 [Worker-10] INFO  o.e.m.c.i.p.ProjectConfigurationManager - Collecting project info '/pom.xml' C:\Users\Sahiti\OneDrive\Desktop\SERVLET\project1_emp\pom.xml
2023-02-02 12:27:11,580 [Worker-10] INFO  o.e.m.c.i.l.LifecycleMappingFactory - Using org.maven.ide.eclipse.wtp.WarLifecycleMapping lifecycle mapping for MavenProject: com-jsp:project1_emp:0.0.1-SNAPSHOT @ C:\Users\Sahiti\OneDrive\Desktop\SERVLET\project1_emp\pom.xml.
2023-02-02 12:27:13,328 [Worker-10] INFO  o.e.m.j.i.AbstractJavaProjectConfigurator - Adding source folder /project1_emp/src/main/java
2023-02-02 12:27:13,329 [Worker-10] INFO  o.e.m.j.i.AbstractJavaProjectConfigurator - Adding resource folder /project1_emp/src/main/resources
2023-02-02 12:27:13,330 [Worker-10] INFO  o.e.m.j.i.AbstractJavaProjectConfigurator - Adding source folder /project1_emp/src/test/java
2023-02-02 12:27:16,688 [Worker-10] INFO  o.e.m.c.i.p.ProjectConfigurationManager - Imported and configured 1 project(s) in 8 sec
2023-02-02 12:27:17,327 [Worker-12] WARN  o.e.m.c.i.embedder.EclipseLogger - Using platform encoding (Cp1252 actually) to copy filtered resources, i.e. build is platform dependent!
2023-02-02 12:27:17,336 [Worker-12] INFO  o.e.m.c.i.embedder.EclipseLogger - Copying 0 resource
2023-02-02 12:27:17,341 [Worker-12] WARN  o.e.m.c.i.embedder.EclipseLogger - Using platform encoding (Cp1252 actually) to copy filtered resources, i.e. build is platform dependent!
2023-02-02 12:27:17,342 [Worker-12] INFO  o.e.m.c.i.embedder.EclipseLogger - skip non existing resourceDirectory C:\Users\Sahiti\OneDrive\Desktop\SERVLET\project1_emp\src\test\resources
2023-02-02 12:28:17,034 [Worker-9] WARN  o.e.m.c.i.embedder.EclipseLogger - Using platform encoding (Cp1252 actually) to copy filtered resources, i.e. build is platform dependent!
2023-02-02 12:28:17,038 [Worker-9] INFO  o.e.m.c.i.embedder.EclipseLogger - Copying 0 resource
2023-02-02 12:28:17,040 [Worker-9] WARN  o.e.m.c.i.embedder.EclipseLogger - Using platform encoding (Cp1252 actually) to copy filtered resources, i.e. build is platform dependent!
2023-02-02 12:28:17,041 [Worker-9] INFO  o.e.m.c.i.embedder.EclipseLogger - skip non existing resourceDirectory C:\Users\Sahiti\OneDrive\Desktop\SERVLET\project1_emp\src\test\resources
2023-02-02 12:28:34,094 [Worker-12] WARN  o.e.m.c.i.embedder.EclipseLogger - Using platform encoding (Cp1252 actually) to copy filtered resources, i.e. build is platform dependent!
2023-02-02 12:28:34,095 [Worker-12] INFO  o.e.m.c.i.embedder.EclipseLogger - Copying 0 resource
2023-02-02 12:28:34,100 [Worker-12] WARN  o.e.m.c.i.embedder.EclipseLogger - Using platform encoding (Cp1252 actually) to copy filtered resources, i.e. build is platform dependent!
2023-02-02 12:28:34,101 [Worker-12] INFO  o.e.m.c.i.embedder.EclipseLogger - skip non existing resourceDirectory C:\Users\Sahiti\OneDrive\Desktop\SERVLET\project1_emp\src\test\resources
2023-02-07 11:52:21,630 [Worker-7] WARN  o.e.m.c.i.embedder.EclipseLogger - Using platform encoding (Cp1252 actually) to copy filtered resources, i.e. build is platform dependent!
2023-02-07 11:52:21,642 [Worker-7] INFO  o.e.m.c.i.embedder.EclipseLogger - Copying 0 resource
2023-02-07 11:52:21,644 [Worker-7] WARN  o.e.m.c.i.embedder.EclipseLogger - Using platform encoding (Cp1252 actually) to copy filtered resources, i.e. build is platform dependent!
2023-02-07 11:52:21,645 [Worker-7] INFO  o.e.m.c.i.embedder.EclipseLogger - skip non existing resourceDirectory C:\Users\Sahiti\OneDrive\Desktop\SERVLET\project1_emp\src\test\resources
2023-02-07 11:56:02,103 [Worker-1] WARN  o.e.m.c.i.embedder.EclipseLogger - Using platform encoding (Cp1252 actually) to copy filtered resources, i.e. build is platform dependent!
2023-02-07 11:56:02,113 [Worker-1] INFO  o.e.m.c.i.embedder.EclipseLogger - Copying 0 resource
2023-02-07 11:56:02,116 [Worker-1] WARN  o.e.m.c.i.embedder.EclipseLogger - Using platform encoding (Cp1252 actually) to copy filtered resources, i.e. build is platform dependent!
2023-02-07 11:56:02,117 [Worker-1] INFO  o.e.m.c.i.embedder.EclipseLogger - skip non existing resourceDirectory C:\Users\Sahiti\OneDrive\Desktop\SERVLET\project1_emp\src\test\resources
2023-02-07 11:57:50,855 [Worker-2] WARN  o.e.m.c.i.embedder.EclipseLogger - Using platform encoding (Cp1252 actually) to copy filtered resources, i.e. build is platform dependent!
2023-02-07 11:57:50,855 [Worker-2] INFO  o.e.m.c.i.embedder.EclipseLogger - Copying 0 resource
2023-02-07 11:57:50,871 [Worker-2] WARN  o.e.m.c.i.embedder.EclipseLogger - Using platform encoding (Cp1252 actually) to copy filtered resources, i.e. build is platform dependent!
2023-02-07 11:57:50,871 [Worker-2] INFO  o.e.m.c.i.embedder.EclipseLogger - skip non existing resourceDirectory C:\Users\Sahiti\OneDrive\Desktop\SERVLET\project1_emp\src\test\resources
2023-02-08 11:37:16,468 [Worker-3] WARN  o.e.m.c.i.embedder.EclipseLogger - Using platform encoding (Cp1252 actually) to copy filtered resources, i.e. build is platform dependent!
2023-02-08 11:37:16,478 [Worker-3] INFO  o.e.m.c.i.embedder.EclipseLogger - Copying 0 resource
2023-02-08 11:37:16,481 [Worker-3] WARN  o.e.m.c.i.embedder.EclipseLogger - Using platform encoding (Cp1252 actually) to copy filtered resources, i.e. build is platform dependent!
2023-02-08 11:37:16,483 [Worker-3] INFO  o.e.m.c.i.embedder.EclipseLogger - skip non existing resourceDirectory C:\Users\Sahiti\OneDrive\Desktop\SERVLET\project1_emp\src\test\resources
2023-02-08 11:39:33,291 [Worker-15] WARN  o.e.m.c.i.embedder.EclipseLogger - Using platform encoding (Cp1252 actually) to copy filtered resources, i.e. build is platform dependent!
2023-02-08 11:39:33,297 [Worker-15] INFO  o.e.m.c.i.embedder.EclipseLogger - Copying 0 resource
2023-02-08 11:39:33,299 [Worker-15] WARN  o.e.m.c.i.embedder.EclipseLogger - Using platform encoding (Cp1252 actually) to copy filtered resources, i.e. build is platform dependent!
2023-02-08 11:39:33,300 [Worker-15] INFO  o.e.m.c.i.embedder.EclipseLogger - skip non existing resourceDirectory C:\Users\Sahiti\OneDrive\Desktop\SERVLET\project1_emp\src\test\resources
2023-02-08 11:43:06,593 [Worker-17] WARN  o.e.m.c.i.embedder.EclipseLogger - Using platform encoding (Cp1252 actually) to copy filtered resources, i.e. build is platform dependent!
2023-02-08 11:43:06,607 [Worker-17] INFO  o.e.m.c.i.embedder.EclipseLogger - Copying 0 resource
2023-02-08 11:43:06,613 [Worker-17] WARN  o.e.m.c.i.embedder.EclipseLogger - Using platform encoding (Cp1252 actually) to copy filtered resources, i.e. build is platform dependent!
2023-02-08 11:43:06,614 [Worker-17] INFO  o.e.m.c.i.embedder.EclipseLogger - skip non existing resourceDirectory C:\Users\Sahiti\OneDrive\Desktop\SERVLET\project1_emp\src\test\resources
2023-02-08 11:43:27,797 [Worker-16] WARN  o.e.m.c.i.embedder.EclipseLogger - Using platform encoding (Cp1252 actually) to copy filtered resources, i.e. build is platform dependent!
2023-02-08 11:43:27,798 [Worker-16] INFO  o.e.m.c.i.embedder.EclipseLogger - Copying 0 resource
2023-02-08 11:43:27,800 [Worker-16] WARN  o.e.m.c.i.embedder.EclipseLogger - Using platform encoding (Cp1252 actually) to copy filtered resources, i.e. build is platform dependent!
2023-02-08 11:43:27,802 [Worker-16] INFO  o.e.m.c.i.embedder.EclipseLogger - skip non existing resourceDirectory C:\Users\Sahiti\OneDrive\Desktop\SERVLET\project1_emp\src\test\resources
2023-02-08 11:44:48,554 [Worker-16] WARN  o.e.r.models.ModelRepository - Failed to download org.eclipse.recommenders:index::zip:0.0.0
org.eclipse.aether.resolution.ArtifactResolutionException: Could not find artifact org.eclipse.recommenders:index:zip:0.0.0-SNAPSHOT in models (http://download.eclipse.org/recommenders/models/neon/)
	at org.eclipse.aether.internal.impl.DefaultArtifactResolver.resolve(DefaultArtifactResolver.java:444) ~[na:na]
	at org.eclipse.aether.internal.impl.DefaultArtifactResolver.resolveArtifacts(DefaultArtifactResolver.java:246) ~[na:na]
	at org.eclipse.aether.internal.impl.DefaultArtifactResolver.resolveArtifact(DefaultArtifactResolver.java:223) ~[na:na]
	at org.eclipse.aether.internal.impl.DefaultRepositorySystem.resolveArtifact(DefaultRepositorySystem.java:294) ~[na:na]
	at org.eclipse.recommenders.models.ModelRepository.resolveInternal(ModelRepository.java:193) [org.eclipse.recommenders.models_2.4.6.v20170307-1041.jar:na]
	at org.eclipse.recommenders.models.ModelRepository.resolve(ModelRepository.java:172) [org.eclipse.recommenders.models_2.4.6.v20170307-1041.jar:na]
	at org.eclipse.recommenders.internal.models.rcp.EclipseModelRepository.resolve(EclipseModelRepository.java:169) [org.eclipse.recommenders.models.rcp_2.4.6.v20170307-1041.jar:na]
	at org.eclipse.recommenders.internal.models.rcp.DownloadModelArchiveJob.run(DownloadModelArchiveJob.java:76) [org.eclipse.recommenders.models.rcp_2.4.6.v20170307-1041.jar:na]
	at org.eclipse.core.internal.jobs.Worker.run(Worker.java:55) [org.eclipse.core.jobs_3.8.0.v20160509-0411.jar:na]
Caused by: org.eclipse.aether.transfer.ArtifactNotFoundException: Could not find artifact org.eclipse.recommenders:index:zip:0.0.0-SNAPSHOT in models (http://download.eclipse.org/recommenders/models/neon/)
	at org.eclipse.aether.connector.basic.ArtifactTransportListener.transferFailed(ArtifactTransportListener.java:39) ~[org.eclipse.aether.connector.basic_1.0.1.v20141111.jar:na]
	at org.eclipse.aether.connector.basic.BasicRepositoryConnector$TaskRunner.run(BasicRepositoryConnector.java:355) ~[org.eclipse.aether.connector.basic_1.0.1.v20141111.jar:na]
	at org.eclipse.aether.util.concurrency.RunnableErrorForwarder$1.run(RunnableErrorForwarder.java:67) ~[na:na]
	at org.eclipse.aether.connector.basic.BasicRepositoryConnector$DirectExecutor.execute(BasicRepositoryConnector.java:581) ~[org.eclipse.aether.connector.basic_1.0.1.v20141111.jar:na]
	at org.eclipse.aether.connector.basic.BasicRepositoryConnector.get(BasicRepositoryConnector.java:249) ~[org.eclipse.aether.connector.basic_1.0.1.v20141111.jar:na]
	at org.eclipse.aether.internal.impl.DefaultArtifactResolver.performDownloads(DefaultArtifactResolver.java:520) ~[na:na]
	at org.eclipse.aether.internal.impl.DefaultArtifactResolver.resolve(DefaultArtifactResolver.java:421) ~[na:na]
	... 8 common frames omitted
2023-02-08 11:47:36,227 [Worker-19] WARN  o.e.m.c.i.embedder.EclipseLogger - Using platform encoding (Cp1252 actually) to copy filtered resources, i.e. build is platform dependent!
2023-02-08 11:47:36,228 [Worker-19] INFO  o.e.m.c.i.embedder.EclipseLogger - Copying 0 resource
2023-02-08 11:47:36,230 [Worker-19] WARN  o.e.m.c.i.embedder.EclipseLogger - Using platform encoding (Cp1252 actually) to copy filtered resources, i.e. build is platform dependent!
2023-02-08 11:47:36,231 [Worker-19] INFO  o.e.m.c.i.embedder.EclipseLogger - skip non existing resourceDirectory C:\Users\Sahiti\OneDrive\Desktop\SERVLET\project1_emp\src\test\resources
2023-02-08 11:48:42,140 [Worker-11] WARN  o.e.m.c.i.embedder.EclipseLogger - Using platform encoding (Cp1252 actually) to copy filtered resources, i.e. build is platform dependent!
2023-02-08 11:48:42,142 [Worker-11] INFO  o.e.m.c.i.embedder.EclipseLogger - Copying 0 resource
2023-02-08 11:48:42,144 [Worker-11] WARN  o.e.m.c.i.embedder.EclipseLogger - Using platform encoding (Cp1252 actually) to copy filtered resources, i.e. build is platform dependent!
2023-02-08 11:48:42,145 [Worker-11] INFO  o.e.m.c.i.embedder.EclipseLogger - skip non existing resourceDirectory C:\Users\Sahiti\OneDrive\Desktop\SERVLET\project1_emp\src\test\resources
2023-02-08 11:53:56,159 [Worker-17] INFO  o.e.m.c.i.p.ProjectConfigurationManager - Collecting project info '/pom.xml' C:\Users\Sahiti\OneDrive\Desktop\SERVLET\pro2_s\pom.xml
2023-02-08 11:54:02,342 [Worker-17] INFO  o.e.m.c.i.l.LifecycleMappingFactory - Using org.maven.ide.eclipse.wtp.WarLifecycleMapping lifecycle mapping for MavenProject: org.jsp:pro2_s:0.0.1-SNAPSHOT @ C:\Users\Sahiti\OneDrive\Desktop\SERVLET\pro2_s\pom.xml.
2023-02-08 11:54:02,774 [Worker-17] INFO  o.e.m.j.i.AbstractJavaProjectConfigurator - Adding source folder /pro2_s/src/main/java
2023-02-08 11:54:02,775 [Worker-17] INFO  o.e.m.j.i.AbstractJavaProjectConfigurator - Adding resource folder /pro2_s/src/main/resources
2023-02-08 11:54:02,775 [Worker-17] INFO  o.e.m.j.i.AbstractJavaProjectConfigurator - Adding source folder /pro2_s/src/test/java
2023-02-08 11:54:03,863 [Worker-17] INFO  o.e.m.c.i.p.ProjectConfigurationManager - Imported and configured 1 project(s) in 7 sec
2023-02-08 11:54:04,095 [Worker-0] WARN  o.e.m.c.i.embedder.EclipseLogger - Using platform encoding (Cp1252 actually) to copy filtered resources, i.e. build is platform dependent!
2023-02-08 11:54:04,097 [Worker-0] INFO  o.e.m.c.i.embedder.EclipseLogger - Copying 0 resource
2023-02-08 11:54:04,099 [Worker-0] WARN  o.e.m.c.i.embedder.EclipseLogger - Using platform encoding (Cp1252 actually) to copy filtered resources, i.e. build is platform dependent!
2023-02-08 11:54:04,100 [Worker-0] INFO  o.e.m.c.i.embedder.EclipseLogger - skip non existing resourceDirectory C:\Users\Sahiti\OneDrive\Desktop\SERVLET\pro2_s\src\test\resources
2023-02-08 11:54:05,259 [Worker-17] WARN  o.e.m.c.i.embedder.EclipseLogger - Using platform encoding (Cp1252 actually) to copy filtered resources, i.e. build is platform dependent!
2023-02-08 11:54:05,260 [Worker-17] INFO  o.e.m.c.i.embedder.EclipseLogger - Copying 0 resource
2023-02-08 11:54:05,265 [Worker-17] WARN  o.e.m.c.i.embedder.EclipseLogger - Using platform encoding (Cp1252 actually) to copy filtered resources, i.e. build is platform dependent!
2023-02-08 11:54:05,269 [Worker-17] INFO  o.e.m.c.i.embedder.EclipseLogger - skip non existing resourceDirectory C:\Users\Sahiti\OneDrive\Desktop\SERVLET\pro2_s\src\test\resources
2023-02-08 11:54:27,552 [Worker-24] WARN  o.e.m.c.i.embedder.EclipseLogger - Using platform encoding (Cp1252 actually) to copy filtered resources, i.e. build is platform dependent!
2023-02-08 11:54:27,553 [Worker-24] INFO  o.e.m.c.i.embedder.EclipseLogger - Copying 0 resource
2023-02-08 11:54:27,555 [Worker-24] WARN  o.e.m.c.i.embedder.EclipseLogger - Using platform encoding (Cp1252 actually) to copy filtered resources, i.e. build is platform dependent!
2023-02-08 11:54:27,558 [Worker-24] INFO  o.e.m.c.i.embedder.EclipseLogger - skip non existing resourceDirectory C:\Users\Sahiti\OneDrive\Desktop\SERVLET\pro2_s\src\test\resources
2023-02-08 11:54:41,019 [Worker-26] WARN  o.e.m.c.i.embedder.EclipseLogger - Using platform encoding (Cp1252 actually) to copy filtered resources, i.e. build is platform dependent!
2023-02-08 11:54:41,020 [Worker-26] INFO  o.e.m.c.i.embedder.EclipseLogger - Copying 0 resource
2023-02-08 11:54:41,021 [Worker-26] WARN  o.e.m.c.i.embedder.EclipseLogger - Using platform encoding (Cp1252 actually) to copy filtered resources, i.e. build is platform dependent!
2023-02-08 11:54:41,022 [Worker-26] INFO  o.e.m.c.i.embedder.EclipseLogger - skip non existing resourceDirectory C:\Users\Sahiti\OneDrive\Desktop\SERVLET\pro2_s\src\test\resources
2023-02-08 11:55:28,255 [Worker-0] WARN  o.e.m.c.i.embedder.EclipseLogger - Using platform encoding (Cp1252 actually) to copy filtered resources, i.e. build is platform dependent!
2023-02-08 11:55:28,256 [Worker-0] INFO  o.e.m.c.i.embedder.EclipseLogger - Copying 0 resource
2023-02-08 11:55:28,257 [Worker-0] WARN  o.e.m.c.i.embedder.EclipseLogger - Using platform encoding (Cp1252 actually) to copy filtered resources, i.e. build is platform dependent!
2023-02-08 11:55:28,258 [Worker-0] INFO  o.e.m.c.i.embedder.EclipseLogger - skip non existing resourceDirectory C:\Users\Sahiti\OneDrive\Desktop\SERVLET\pro2_s\src\test\resources
2023-02-08 11:59:01,166 [Worker-22] WARN  o.e.m.c.i.embedder.EclipseLogger - Using platform encoding (Cp1252 actually) to copy filtered resources, i.e. build is platform dependent!
2023-02-08 11:59:01,167 [Worker-22] INFO  o.e.m.c.i.embedder.EclipseLogger - Copying 0 resource
2023-02-08 11:59:01,169 [Worker-22] WARN  o.e.m.c.i.embedder.EclipseLogger - Using platform encoding (Cp1252 actually) to copy filtered resources, i.e. build is platform dependent!
2023-02-08 11:59:01,172 [Worker-22] INFO  o.e.m.c.i.embedder.EclipseLogger - skip non existing resourceDirectory C:\Users\Sahiti\OneDrive\Desktop\SERVLET\pro2_s\src\test\resources
2023-02-08 11:59:54,409 [Worker-23] WARN  o.e.m.c.i.embedder.EclipseLogger - Using platform encoding (Cp1252 actually) to copy filtered resources, i.e. build is platform dependent!
2023-02-08 11:59:54,412 [Worker-23] INFO  o.e.m.c.i.embedder.EclipseLogger - Copying 0 resource
2023-02-08 11:59:54,413 [Worker-23] WARN  o.e.m.c.i.embedder.EclipseLogger - Using platform encoding (Cp1252 actually) to copy filtered resources, i.e. build is platform dependent!
2023-02-08 11:59:54,415 [Worker-23] INFO  o.e.m.c.i.embedder.EclipseLogger - skip non existing resourceDirectory C:\Users\Sahiti\OneDrive\Desktop\SERVLET\pro2_s\src\test\resources
2023-02-08 12:04:10,172 [Worker-26] WARN  o.e.m.c.i.embedder.EclipseLogger - Using platform encoding (Cp1252 actually) to copy filtered resources, i.e. build is platform dependent!
2023-02-08 12:04:10,174 [Worker-26] INFO  o.e.m.c.i.embedder.EclipseLogger - Copying 0 resource
2023-02-08 12:04:10,176 [Worker-26] WARN  o.e.m.c.i.embedder.EclipseLogger - Using platform encoding (Cp1252 actually) to copy filtered resources, i.e. build is platform dependent!
2023-02-08 12:04:10,177 [Worker-26] INFO  o.e.m.c.i.embedder.EclipseLogger - skip non existing resourceDirectory C:\Users\Sahiti\OneDrive\Desktop\SERVLET\pro2_s\src\test\resources
2023-02-08 12:04:37,990 [Worker-22] WARN  o.e.m.c.i.embedder.EclipseLogger - Using platform encoding (Cp1252 actually) to copy filtered resources, i.e. build is platform dependent!
2023-02-08 12:04:37,992 [Worker-22] INFO  o.e.m.c.i.embedder.EclipseLogger - Copying 0 resource
2023-02-08 12:04:37,993 [Worker-22] WARN  o.e.m.c.i.embedder.EclipseLogger - Using platform encoding (Cp1252 actually) to copy filtered resources, i.e. build is platform dependent!
2023-02-08 12:04:37,994 [Worker-22] INFO  o.e.m.c.i.embedder.EclipseLogger - skip non existing resourceDirectory C:\Users\Sahiti\OneDrive\Desktop\SERVLET\pro2_s\src\test\resources
2023-02-08 12:17:30,121 [Worker-17] WARN  o.e.m.c.i.embedder.EclipseLogger - Using platform encoding (Cp1252 actually) to copy filtered resources, i.e. build is platform dependent!
2023-02-08 12:17:30,122 [Worker-17] INFO  o.e.m.c.i.embedder.EclipseLogger - Copying 0 resource
2023-02-08 12:17:30,125 [Worker-17] WARN  o.e.m.c.i.embedder.EclipseLogger - Using platform encoding (Cp1252 actually) to copy filtered resources, i.e. build is platform dependent!
2023-02-08 12:17:30,126 [Worker-17] INFO  o.e.m.c.i.embedder.EclipseLogger - skip non existing resourceDirectory C:\Users\Sahiti\OneDrive\Desktop\SERVLET\pro2_s\src\test\resources
2023-02-08 12:23:05,967 [Worker-29] WARN  o.e.m.c.i.embedder.EclipseLogger - Using platform encoding (Cp1252 actually) to copy filtered resources, i.e. build is platform dependent!
2023-02-08 12:23:05,970 [Worker-29] INFO  o.e.m.c.i.embedder.EclipseLogger - Copying 0 resource
2023-02-08 12:23:05,972 [Worker-29] WARN  o.e.m.c.i.embedder.EclipseLogger - Using platform encoding (Cp1252 actually) to copy filtered resources, i.e. build is platform dependent!
2023-02-08 12:23:05,973 [Worker-29] INFO  o.e.m.c.i.embedder.EclipseLogger - skip non existing resourceDirectory C:\Users\Sahiti\OneDrive\Desktop\SERVLET\pro2_s\src\test\resources
2023-02-08 12:24:27,587 [Worker-17] WARN  o.e.m.c.i.embedder.EclipseLogger - Using platform encoding (Cp1252 actually) to copy filtered resources, i.e. build is platform dependent!
2023-02-08 12:24:27,589 [Worker-17] INFO  o.e.m.c.i.embedder.EclipseLogger - Copying 0 resource
2023-02-08 12:24:27,590 [Worker-17] WARN  o.e.m.c.i.embedder.EclipseLogger - Using platform encoding (Cp1252 actually) to copy filtered resources, i.e. build is platform dependent!
2023-02-08 12:24:27,591 [Worker-17] INFO  o.e.m.c.i.embedder.EclipseLogger - skip non existing resourceDirectory C:\Users\Sahiti\OneDrive\Desktop\SERVLET\pro2_s\src\test\resources
2023-02-08 12:25:31,209 [Worker-16] WARN  o.e.m.c.i.embedder.EclipseLogger - Using platform encoding (Cp1252 actually) to copy filtered resources, i.e. build is platform dependent!
2023-02-08 12:25:31,211 [Worker-16] INFO  o.e.m.c.i.embedder.EclipseLogger - Copying 0 resource
2023-02-08 12:25:31,213 [Worker-16] WARN  o.e.m.c.i.embedder.EclipseLogger - Using platform encoding (Cp1252 actually) to copy filtered resources, i.e. build is platform dependent!
2023-02-08 12:25:31,214 [Worker-16] INFO  o.e.m.c.i.embedder.EclipseLogger - skip non existing resourceDirectory C:\Users\Sahiti\OneDrive\Desktop\SERVLET\pro2_s\src\test\resources
2023-02-09 11:27:59,462 [Worker-4] WARN  o.e.m.c.i.embedder.EclipseLogger - Using platform encoding (Cp1252 actually) to copy filtered resources, i.e. build is platform dependent!
2023-02-09 11:27:59,473 [Worker-4] INFO  o.e.m.c.i.embedder.EclipseLogger - Copying 0 resource
2023-02-09 11:27:59,476 [Worker-4] WARN  o.e.m.c.i.embedder.EclipseLogger - Using platform encoding (Cp1252 actually) to copy filtered resources, i.e. build is platform dependent!
2023-02-09 11:27:59,478 [Worker-4] INFO  o.e.m.c.i.embedder.EclipseLogger - skip non existing resourceDirectory C:\Users\Sahiti\OneDrive\Desktop\SERVLET\pro2_s\src\test\resources
2023-02-09 11:28:00,810 [Worker-4] WARN  o.e.m.c.i.embedder.EclipseLogger - Using platform encoding (Cp1252 actually) to copy filtered resources, i.e. build is platform dependent!
2023-02-09 11:28:00,811 [Worker-4] INFO  o.e.m.c.i.embedder.EclipseLogger - Copying 0 resource
2023-02-09 11:28:00,813 [Worker-4] WARN  o.e.m.c.i.embedder.EclipseLogger - Using platform encoding (Cp1252 actually) to copy filtered resources, i.e. build is platform dependent!
2023-02-09 11:28:00,814 [Worker-4] INFO  o.e.m.c.i.embedder.EclipseLogger - skip non existing resourceDirectory C:\Users\Sahiti\OneDrive\Desktop\SERVLET\project1_emp\src\test\resources
2023-02-09 11:28:51,115 [Worker-16] INFO  o.e.m.c.i.p.ProjectConfigurationManager - Collecting project info '/pom.xml' C:\Users\Sahiti\OneDrive\Desktop\SERVLET\proj_aa\pom.xml
2023-02-09 11:28:51,921 [Worker-16] INFO  o.e.m.c.i.l.LifecycleMappingFactory - Using org.maven.ide.eclipse.wtp.WarLifecycleMapping lifecycle mapping for MavenProject: com.assd:proj_aa:0.0.1-SNAPSHOT @ C:\Users\Sahiti\OneDrive\Desktop\SERVLET\proj_aa\pom.xml.
2023-02-09 11:28:52,219 [Worker-16] INFO  o.e.m.j.i.AbstractJavaProjectConfigurator - Adding source folder /proj_aa/src/main/java
2023-02-09 11:28:52,219 [Worker-16] INFO  o.e.m.j.i.AbstractJavaProjectConfigurator - Adding resource folder /proj_aa/src/main/resources
2023-02-09 11:28:52,220 [Worker-16] INFO  o.e.m.j.i.AbstractJavaProjectConfigurator - Adding source folder /proj_aa/src/test/java
2023-02-09 11:28:53,385 [Worker-16] INFO  o.e.m.c.i.p.ProjectConfigurationManager - Imported and configured 1 project(s) in 2 sec
2023-02-09 11:28:54,089 [Worker-6] WARN  o.e.m.c.i.embedder.EclipseLogger - Using platform encoding (Cp1252 actually) to copy filtered resources, i.e. build is platform dependent!
2023-02-09 11:28:54,091 [Worker-6] INFO  o.e.m.c.i.embedder.EclipseLogger - Copying 0 resource
2023-02-09 11:28:54,095 [Worker-6] WARN  o.e.m.c.i.embedder.EclipseLogger - Using platform encoding (Cp1252 actually) to copy filtered resources, i.e. build is platform dependent!
2023-02-09 11:28:54,096 [Worker-6] INFO  o.e.m.c.i.embedder.EclipseLogger - skip non existing resourceDirectory C:\Users\Sahiti\OneDrive\Desktop\SERVLET\proj_aa\src\test\resources
2023-02-09 11:29:10,027 [Worker-8] WARN  o.e.m.c.i.embedder.EclipseLogger - Using platform encoding (Cp1252 actually) to copy filtered resources, i.e. build is platform dependent!
2023-02-09 11:29:10,038 [Worker-8] INFO  o.e.m.c.i.embedder.EclipseLogger - Copying 0 resource
2023-02-09 11:29:10,041 [Worker-8] WARN  o.e.m.c.i.embedder.EclipseLogger - Using platform encoding (Cp1252 actually) to copy filtered resources, i.e. build is platform dependent!
2023-02-09 11:29:10,043 [Worker-8] INFO  o.e.m.c.i.embedder.EclipseLogger - skip non existing resourceDirectory C:\Users\Sahiti\OneDrive\Desktop\SERVLET\proj_aa\src\test\resources
2023-02-09 11:29:27,530 [Worker-12] WARN  o.e.m.c.i.embedder.EclipseLogger - Using platform encoding (Cp1252 actually) to copy filtered resources, i.e. build is platform dependent!
2023-02-09 11:29:27,532 [Worker-12] INFO  o.e.m.c.i.embedder.EclipseLogger - Copying 0 resource
2023-02-09 11:29:27,533 [Worker-12] WARN  o.e.m.c.i.embedder.EclipseLogger - Using platform encoding (Cp1252 actually) to copy filtered resources, i.e. build is platform dependent!
2023-02-09 11:29:27,534 [Worker-12] INFO  o.e.m.c.i.embedder.EclipseLogger - skip non existing resourceDirectory C:\Users\Sahiti\OneDrive\Desktop\SERVLET\proj_aa\src\test\resources
2023-02-09 11:30:06,907 [Worker-10] WARN  o.e.m.c.i.embedder.EclipseLogger - Using platform encoding (Cp1252 actually) to copy filtered resources, i.e. build is platform dependent!
2023-02-09 11:30:06,908 [Worker-10] INFO  o.e.m.c.i.embedder.EclipseLogger - Copying 0 resource
2023-02-09 11:30:06,913 [Worker-10] WARN  o.e.m.c.i.embedder.EclipseLogger - Using platform encoding (Cp1252 actually) to copy filtered resources, i.e. build is platform dependent!
2023-02-09 11:30:06,915 [Worker-10] INFO  o.e.m.c.i.embedder.EclipseLogger - skip non existing resourceDirectory C:\Users\Sahiti\OneDrive\Desktop\SERVLET\proj_aa\src\test\resources
2023-02-09 11:31:54,523 [Worker-13] WARN  o.e.m.c.i.embedder.EclipseLogger - Using platform encoding (Cp1252 actually) to copy filtered resources, i.e. build is platform dependent!
2023-02-09 11:31:54,534 [Worker-13] INFO  o.e.m.c.i.embedder.EclipseLogger - Copying 0 resource
2023-02-09 11:31:54,536 [Worker-13] WARN  o.e.m.c.i.embedder.EclipseLogger - Using platform encoding (Cp1252 actually) to copy filtered resources, i.e. build is platform dependent!
2023-02-09 11:31:54,537 [Worker-13] INFO  o.e.m.c.i.embedder.EclipseLogger - skip non existing resourceDirectory C:\Users\Sahiti\OneDrive\Desktop\SERVLET\proj_aa\src\test\resources
2023-02-09 11:32:09,300 [Worker-6] WARN  o.e.m.c.i.embedder.EclipseLogger - Using platform encoding (Cp1252 actually) to copy filtered resources, i.e. build is platform dependent!
2023-02-09 11:32:09,301 [Worker-6] INFO  o.e.m.c.i.embedder.EclipseLogger - Copying 0 resource
2023-02-09 11:32:09,306 [Worker-6] WARN  o.e.m.c.i.embedder.EclipseLogger - Using platform encoding (Cp1252 actually) to copy filtered resources, i.e. build is platform dependent!
2023-02-09 11:32:09,307 [Worker-6] INFO  o.e.m.c.i.embedder.EclipseLogger - skip non existing resourceDirectory C:\Users\Sahiti\OneDrive\Desktop\SERVLET\proj_aa\src\test\resources
2023-02-09 11:32:37,897 [Worker-0] WARN  o.e.r.models.ModelRepository - Failed to download org.eclipse.recommenders:index::zip:0.0.0
org.eclipse.aether.resolution.ArtifactResolutionException: Could not find artifact org.eclipse.recommenders:index:zip:0.0.0-SNAPSHOT in models (http://download.eclipse.org/recommenders/models/neon/)
	at org.eclipse.aether.internal.impl.DefaultArtifactResolver.resolve(DefaultArtifactResolver.java:444) ~[na:na]
	at org.eclipse.aether.internal.impl.DefaultArtifactResolver.resolveArtifacts(DefaultArtifactResolver.java:246) ~[na:na]
	at org.eclipse.aether.internal.impl.DefaultArtifactResolver.resolveArtifact(DefaultArtifactResolver.java:223) ~[na:na]
	at org.eclipse.aether.internal.impl.DefaultRepositorySystem.resolveArtifact(DefaultRepositorySystem.java:294) ~[na:na]
	at org.eclipse.recommenders.models.ModelRepository.resolveInternal(ModelRepository.java:193) [org.eclipse.recommenders.models_2.4.6.v20170307-1041.jar:na]
	at org.eclipse.recommenders.models.ModelRepository.resolve(ModelRepository.java:172) [org.eclipse.recommenders.models_2.4.6.v20170307-1041.jar:na]
	at org.eclipse.recommenders.internal.models.rcp.EclipseModelRepository.resolve(EclipseModelRepository.java:169) [org.eclipse.recommenders.models.rcp_2.4.6.v20170307-1041.jar:na]
	at org.eclipse.recommenders.internal.models.rcp.DownloadModelArchiveJob.run(DownloadModelArchiveJob.java:76) [org.eclipse.recommenders.models.rcp_2.4.6.v20170307-1041.jar:na]
	at org.eclipse.core.internal.jobs.Worker.run(Worker.java:55) [org.eclipse.core.jobs_3.8.0.v20160509-0411.jar:na]
Caused by: org.eclipse.aether.transfer.ArtifactNotFoundException: Could not find artifact org.eclipse.recommenders:index:zip:0.0.0-SNAPSHOT in models (http://download.eclipse.org/recommenders/models/neon/)
	at org.eclipse.aether.connector.basic.ArtifactTransportListener.transferFailed(ArtifactTransportListener.java:39) ~[org.eclipse.aether.connector.basic_1.0.1.v20141111.jar:na]
	at org.eclipse.aether.connector.basic.BasicRepositoryConnector$TaskRunner.run(BasicRepositoryConnector.java:355) ~[org.eclipse.aether.connector.basic_1.0.1.v20141111.jar:na]
	at org.eclipse.aether.util.concurrency.RunnableErrorForwarder$1.run(RunnableErrorForwarder.java:67) ~[na:na]
	at org.eclipse.aether.connector.basic.BasicRepositoryConnector$DirectExecutor.execute(BasicRepositoryConnector.java:581) ~[org.eclipse.aether.connector.basic_1.0.1.v20141111.jar:na]
	at org.eclipse.aether.connector.basic.BasicRepositoryConnector.get(BasicRepositoryConnector.java:249) ~[org.eclipse.aether.connector.basic_1.0.1.v20141111.jar:na]
	at org.eclipse.aether.internal.impl.DefaultArtifactResolver.performDownloads(DefaultArtifactResolver.java:520) ~[na:na]
	at org.eclipse.aether.internal.impl.DefaultArtifactResolver.resolve(DefaultArtifactResolver.java:421) ~[na:na]
	... 8 common frames omitted
2023-02-09 11:35:08,967 [Worker-15] WARN  o.e.m.c.i.embedder.EclipseLogger - Using platform encoding (Cp1252 actually) to copy filtered resources, i.e. build is platform dependent!
2023-02-09 11:35:08,968 [Worker-15] INFO  o.e.m.c.i.embedder.EclipseLogger - Copying 0 resource
2023-02-09 11:35:08,979 [Worker-15] WARN  o.e.m.c.i.embedder.EclipseLogger - Using platform encoding (Cp1252 actually) to copy filtered resources, i.e. build is platform dependent!
2023-02-09 11:35:08,980 [Worker-15] INFO  o.e.m.c.i.embedder.EclipseLogger - skip non existing resourceDirectory C:\Users\Sahiti\OneDrive\Desktop\SERVLET\proj_aa\src\test\resources
2023-02-09 11:36:00,239 [Worker-15] WARN  o.e.m.c.i.embedder.EclipseLogger - Using platform encoding (Cp1252 actually) to copy filtered resources, i.e. build is platform dependent!
2023-02-09 11:36:00,241 [Worker-15] INFO  o.e.m.c.i.embedder.EclipseLogger - Copying 0 resource
2023-02-09 11:36:00,243 [Worker-15] WARN  o.e.m.c.i.embedder.EclipseLogger - Using platform encoding (Cp1252 actually) to copy filtered resources, i.e. build is platform dependent!
2023-02-09 11:36:00,245 [Worker-15] INFO  o.e.m.c.i.embedder.EclipseLogger - skip non existing resourceDirectory C:\Users\Sahiti\OneDrive\Desktop\SERVLET\proj_aa\src\test\resources
2023-02-09 11:36:59,050 [Worker-14] INFO  o.e.m.c.i.l.LifecycleMappingFactory - Using org.maven.ide.eclipse.wtp.WarLifecycleMapping lifecycle mapping for MavenProject: com.assd:proj_aa:0.0.1-SNAPSHOT @ C:\Users\Sahiti\OneDrive\Desktop\SERVLET\proj_aa\pom.xml.
2023-02-09 11:37:01,100 [Worker-14] WARN  o.e.m.c.i.embedder.EclipseLogger - Using platform encoding (Cp1252 actually) to copy filtered resources, i.e. build is platform dependent!
2023-02-09 11:37:01,102 [Worker-14] INFO  o.e.m.c.i.embedder.EclipseLogger - Copying 0 resource
2023-02-09 11:37:01,104 [Worker-14] WARN  o.e.m.c.i.embedder.EclipseLogger - Using platform encoding (Cp1252 actually) to copy filtered resources, i.e. build is platform dependent!
2023-02-09 11:37:01,104 [Worker-14] INFO  o.e.m.c.i.embedder.EclipseLogger - skip non existing resourceDirectory C:\Users\Sahiti\OneDrive\Desktop\SERVLET\proj_aa\src\test\resources
2023-02-09 11:37:01,105 [Worker-14] INFO  o.e.m.w.i.f.ResourceFilteringBuildParticipant - Changed resources require a complete clean of filtered resources of proj_aa
2023-02-09 11:37:01,106 [Worker-14] INFO  o.e.m.w.i.f.ResourceFilteringBuildParticipant - Executing resource filtering for proj_aa
2023-02-09 11:37:01,112 [Worker-14] WARN  o.e.m.c.i.embedder.EclipseLogger - Using platform encoding (Cp1252 actually) to copy filtered resources, i.e. build is platform dependent!
2023-02-09 11:37:03,001 [Worker-4] WARN  o.e.m.c.i.embedder.EclipseLogger - Using platform encoding (Cp1252 actually) to copy filtered resources, i.e. build is platform dependent!
2023-02-09 11:37:03,003 [Worker-4] INFO  o.e.m.c.i.embedder.EclipseLogger - Copying 0 resource
2023-02-09 11:37:03,005 [Worker-4] WARN  o.e.m.c.i.embedder.EclipseLogger - Using platform encoding (Cp1252 actually) to copy filtered resources, i.e. build is platform dependent!
2023-02-09 11:37:03,006 [Worker-4] INFO  o.e.m.c.i.embedder.EclipseLogger - skip non existing resourceDirectory C:\Users\Sahiti\OneDrive\Desktop\SERVLET\proj_aa\src\test\resources
2023-02-09 11:37:36,764 [Worker-3] WARN  o.e.m.c.i.embedder.EclipseLogger - Using platform encoding (Cp1252 actually) to copy filtered resources, i.e. build is platform dependent!
2023-02-09 11:37:36,767 [Worker-3] INFO  o.e.m.c.i.embedder.EclipseLogger - Copying 0 resource
2023-02-09 11:37:36,769 [Worker-3] WARN  o.e.m.c.i.embedder.EclipseLogger - Using platform encoding (Cp1252 actually) to copy filtered resources, i.e. build is platform dependent!
2023-02-09 11:37:36,770 [Worker-3] INFO  o.e.m.c.i.embedder.EclipseLogger - skip non existing resourceDirectory C:\Users\Sahiti\OneDrive\Desktop\SERVLET\proj_aa\src\test\resources
2023-02-09 11:39:32,900 [Worker-15] WARN  o.e.m.c.i.embedder.EclipseLogger - Using platform encoding (Cp1252 actually) to copy filtered resources, i.e. build is platform dependent!
2023-02-09 11:39:32,902 [Worker-15] INFO  o.e.m.c.i.embedder.EclipseLogger - Copying 0 resource
2023-02-09 11:39:32,904 [Worker-15] WARN  o.e.m.c.i.embedder.EclipseLogger - Using platform encoding (Cp1252 actually) to copy filtered resources, i.e. build is platform dependent!
2023-02-09 11:39:32,905 [Worker-15] INFO  o.e.m.c.i.embedder.EclipseLogger - skip non existing resourceDirectory C:\Users\Sahiti\OneDrive\Desktop\SERVLET\proj_aa\src\test\resources
2023-02-09 11:40:37,027 [Worker-5] WARN  o.e.m.c.i.embedder.EclipseLogger - Using platform encoding (Cp1252 actually) to copy filtered resources, i.e. build is platform dependent!
2023-02-09 11:40:37,047 [Worker-5] INFO  o.e.m.c.i.embedder.EclipseLogger - Copying 0 resource
2023-02-09 11:40:37,051 [Worker-5] WARN  o.e.m.c.i.embedder.EclipseLogger - Using platform encoding (Cp1252 actually) to copy filtered resources, i.e. build is platform dependent!
2023-02-09 11:40:37,052 [Worker-5] INFO  o.e.m.c.i.embedder.EclipseLogger - skip non existing resourceDirectory C:\Users\Sahiti\OneDrive\Desktop\SERVLET\pro2_s\src\test\resources
2023-02-09 11:40:38,100 [Worker-5] WARN  o.e.m.c.i.embedder.EclipseLogger - Using platform encoding (Cp1252 actually) to copy filtered resources, i.e. build is platform dependent!
2023-02-09 11:40:38,102 [Worker-5] INFO  o.e.m.c.i.embedder.EclipseLogger - Copying 0 resource
2023-02-09 11:40:38,106 [Worker-5] WARN  o.e.m.c.i.embedder.EclipseLogger - Using platform encoding (Cp1252 actually) to copy filtered resources, i.e. build is platform dependent!
2023-02-09 11:40:38,108 [Worker-5] INFO  o.e.m.c.i.embedder.EclipseLogger - skip non existing resourceDirectory C:\Users\Sahiti\OneDrive\Desktop\SERVLET\proj_aa\src\test\resources
2023-02-09 11:40:38,217 [Worker-5] WARN  o.e.m.c.i.embedder.EclipseLogger - Using platform encoding (Cp1252 actually) to copy filtered resources, i.e. build is platform dependent!
2023-02-09 11:40:38,218 [Worker-5] INFO  o.e.m.c.i.embedder.EclipseLogger - Copying 0 resource
2023-02-09 11:40:38,220 [Worker-5] WARN  o.e.m.c.i.embedder.EclipseLogger - Using platform encoding (Cp1252 actually) to copy filtered resources, i.e. build is platform dependent!
2023-02-09 11:40:38,221 [Worker-5] INFO  o.e.m.c.i.embedder.EclipseLogger - skip non existing resourceDirectory C:\Users\Sahiti\OneDrive\Desktop\SERVLET\project1_emp\src\test\resources
2023-02-09 11:41:04,375 [Worker-6] WARN  o.e.m.c.i.embedder.EclipseLogger - Using platform encoding (Cp1252 actually) to copy filtered resources, i.e. build is platform dependent!
2023-02-09 11:41:04,384 [Worker-6] INFO  o.e.m.c.i.embedder.EclipseLogger - Copying 0 resource
2023-02-09 11:41:04,396 [Worker-6] WARN  o.e.m.c.i.embedder.EclipseLogger - Using platform encoding (Cp1252 actually) to copy filtered resources, i.e. build is platform dependent!
2023-02-09 11:41:04,399 [Worker-6] INFO  o.e.m.c.i.embedder.EclipseLogger - skip non existing resourceDirectory C:\Users\Sahiti\OneDrive\Desktop\SERVLET\proj_aa\src\test\resources
2023-02-09 11:41:16,672 [Worker-9] WARN  o.e.m.c.i.embedder.EclipseLogger - Using platform encoding (Cp1252 actually) to copy filtered resources, i.e. build is platform dependent!
2023-02-09 11:41:16,674 [Worker-9] INFO  o.e.m.c.i.embedder.EclipseLogger - Copying 0 resource
2023-02-09 11:41:16,676 [Worker-9] WARN  o.e.m.c.i.embedder.EclipseLogger - Using platform encoding (Cp1252 actually) to copy filtered resources, i.e. build is platform dependent!
2023-02-09 11:41:16,678 [Worker-9] INFO  o.e.m.c.i.embedder.EclipseLogger - skip non existing resourceDirectory C:\Users\Sahiti\OneDrive\Desktop\SERVLET\proj_aa\src\test\resources
2023-02-09 11:41:28,320 [Worker-1] WARN  o.e.m.c.i.embedder.EclipseLogger - Using platform encoding (Cp1252 actually) to copy filtered resources, i.e. build is platform dependent!
2023-02-09 11:41:28,328 [Worker-1] INFO  o.e.m.c.i.embedder.EclipseLogger - Copying 0 resource
2023-02-09 11:41:28,331 [Worker-1] WARN  o.e.m.c.i.embedder.EclipseLogger - Using platform encoding (Cp1252 actually) to copy filtered resources, i.e. build is platform dependent!
2023-02-09 11:41:28,334 [Worker-1] INFO  o.e.m.c.i.embedder.EclipseLogger - skip non existing resourceDirectory C:\Users\Sahiti\OneDrive\Desktop\SERVLET\proj_aa\src\test\resources
2023-02-09 11:41:45,449 [Worker-14] WARN  o.e.m.c.i.embedder.EclipseLogger - Using platform encoding (Cp1252 actually) to copy filtered resources, i.e. build is platform dependent!
2023-02-09 11:41:45,452 [Worker-14] INFO  o.e.m.c.i.embedder.EclipseLogger - Copying 0 resource
2023-02-09 11:41:45,468 [Worker-14] WARN  o.e.m.c.i.embedder.EclipseLogger - Using platform encoding (Cp1252 actually) to copy filtered resources, i.e. build is platform dependent!
2023-02-09 11:41:45,471 [Worker-14] INFO  o.e.m.c.i.embedder.EclipseLogger - skip non existing resourceDirectory C:\Users\Sahiti\OneDrive\Desktop\SERVLET\proj_aa\src\test\resources
2023-02-09 11:42:07,913 [Worker-4] WARN  o.e.m.c.i.embedder.EclipseLogger - Using platform encoding (Cp1252 actually) to copy filtered resources, i.e. build is platform dependent!
2023-02-09 11:42:07,914 [Worker-4] INFO  o.e.m.c.i.embedder.EclipseLogger - Copying 0 resource
2023-02-09 11:42:07,921 [Worker-4] WARN  o.e.m.c.i.embedder.EclipseLogger - Using platform encoding (Cp1252 actually) to copy filtered resources, i.e. build is platform dependent!
2023-02-09 11:42:07,922 [Worker-4] INFO  o.e.m.c.i.embedder.EclipseLogger - skip non existing resourceDirectory C:\Users\Sahiti\OneDrive\Desktop\SERVLET\proj_aa\src\test\resources
2023-02-09 11:44:54,936 [Worker-16] WARN  o.e.m.c.i.embedder.EclipseLogger - Using platform encoding (Cp1252 actually) to copy filtered resources, i.e. build is platform dependent!
2023-02-09 11:44:54,952 [Worker-16] INFO  o.e.m.c.i.embedder.EclipseLogger - Copying 0 resource
2023-02-09 11:44:54,952 [Worker-16] WARN  o.e.m.c.i.embedder.EclipseLogger - Using platform encoding (Cp1252 actually) to copy filtered resources, i.e. build is platform dependent!
2023-02-09 11:44:54,952 [Worker-16] INFO  o.e.m.c.i.embedder.EclipseLogger - skip non existing resourceDirectory C:\Users\Sahiti\OneDrive\Desktop\SERVLET\proj_aa\src\test\resources
2023-02-09 11:45:58,849 [Worker-2] WARN  o.e.m.c.i.embedder.EclipseLogger - Using platform encoding (Cp1252 actually) to copy filtered resources, i.e. build is platform dependent!
2023-02-09 11:45:58,855 [Worker-2] INFO  o.e.m.c.i.embedder.EclipseLogger - Copying 0 resource
2023-02-09 11:45:58,858 [Worker-2] WARN  o.e.m.c.i.embedder.EclipseLogger - Using platform encoding (Cp1252 actually) to copy filtered resources, i.e. build is platform dependent!
2023-02-09 11:45:58,860 [Worker-2] INFO  o.e.m.c.i.embedder.EclipseLogger - skip non existing resourceDirectory C:\Users\Sahiti\OneDrive\Desktop\SERVLET\proj_aa\src\test\resources
2023-02-09 11:46:15,204 [Worker-2] WARN  o.e.m.c.i.embedder.EclipseLogger - Using platform encoding (Cp1252 actually) to copy filtered resources, i.e. build is platform dependent!
2023-02-09 11:46:15,213 [Worker-2] INFO  o.e.m.c.i.embedder.EclipseLogger - Copying 0 resource
2023-02-09 11:46:15,215 [Worker-2] WARN  o.e.m.c.i.embedder.EclipseLogger - Using platform encoding (Cp1252 actually) to copy filtered resources, i.e. build is platform dependent!
2023-02-09 11:46:15,216 [Worker-2] INFO  o.e.m.c.i.embedder.EclipseLogger - skip non existing resourceDirectory C:\Users\Sahiti\OneDrive\Desktop\SERVLET\proj_aa\src\test\resources
2023-02-09 11:46:31,709 [Worker-19] WARN  o.e.m.c.i.embedder.EclipseLogger - Using platform encoding (Cp1252 actually) to copy filtered resources, i.e. build is platform dependent!
2023-02-09 11:46:31,710 [Worker-19] INFO  o.e.m.c.i.embedder.EclipseLogger - Copying 0 resource
2023-02-09 11:46:31,712 [Worker-19] WARN  o.e.m.c.i.embedder.EclipseLogger - Using platform encoding (Cp1252 actually) to copy filtered resources, i.e. build is platform dependent!
2023-02-09 11:46:31,713 [Worker-19] INFO  o.e.m.c.i.embedder.EclipseLogger - skip non existing resourceDirectory C:\Users\Sahiti\OneDrive\Desktop\SERVLET\proj_aa\src\test\resources
2023-02-09 11:46:47,651 [Worker-2] WARN  o.e.r.models.ModelRepository - Failed to download org.eclipse.recommenders:index::zip:0.0.0
org.eclipse.aether.resolution.ArtifactResolutionException: Could not find artifact org.eclipse.recommenders:index:zip:0.0.0-SNAPSHOT in models (http://download.eclipse.org/recommenders/models/neon/)
	at org.eclipse.aether.internal.impl.DefaultArtifactResolver.resolve(DefaultArtifactResolver.java:444) ~[na:na]
	at org.eclipse.aether.internal.impl.DefaultArtifactResolver.resolveArtifacts(DefaultArtifactResolver.java:246) ~[na:na]
	at org.eclipse.aether.internal.impl.DefaultArtifactResolver.resolveArtifact(DefaultArtifactResolver.java:223) ~[na:na]
	at org.eclipse.aether.internal.impl.DefaultRepositorySystem.resolveArtifact(DefaultRepositorySystem.java:294) ~[na:na]
	at org.eclipse.recommenders.models.ModelRepository.resolveInternal(ModelRepository.java:193) [org.eclipse.recommenders.models_2.4.6.v20170307-1041.jar:na]
	at org.eclipse.recommenders.models.ModelRepository.resolve(ModelRepository.java:172) [org.eclipse.recommenders.models_2.4.6.v20170307-1041.jar:na]
	at org.eclipse.recommenders.internal.models.rcp.EclipseModelRepository.resolve(EclipseModelRepository.java:169) [org.eclipse.recommenders.models.rcp_2.4.6.v20170307-1041.jar:na]
	at org.eclipse.recommenders.internal.models.rcp.DownloadModelArchiveJob.run(DownloadModelArchiveJob.java:76) [org.eclipse.recommenders.models.rcp_2.4.6.v20170307-1041.jar:na]
	at org.eclipse.core.internal.jobs.Worker.run(Worker.java:55) [org.eclipse.core.jobs_3.8.0.v20160509-0411.jar:na]
Caused by: org.eclipse.aether.transfer.ArtifactNotFoundException: Could not find artifact org.eclipse.recommenders:index:zip:0.0.0-SNAPSHOT in models (http://download.eclipse.org/recommenders/models/neon/)
	at org.eclipse.aether.connector.basic.ArtifactTransportListener.transferFailed(ArtifactTransportListener.java:39) ~[org.eclipse.aether.connector.basic_1.0.1.v20141111.jar:na]
	at org.eclipse.aether.connector.basic.BasicRepositoryConnector$TaskRunner.run(BasicRepositoryConnector.java:355) ~[org.eclipse.aether.connector.basic_1.0.1.v20141111.jar:na]
	at org.eclipse.aether.util.concurrency.RunnableErrorForwarder$1.run(RunnableErrorForwarder.java:67) ~[na:na]
	at org.eclipse.aether.connector.basic.BasicRepositoryConnector$DirectExecutor.execute(BasicRepositoryConnector.java:581) ~[org.eclipse.aether.connector.basic_1.0.1.v20141111.jar:na]
	at org.eclipse.aether.connector.basic.BasicRepositoryConnector.get(BasicRepositoryConnector.java:249) ~[org.eclipse.aether.connector.basic_1.0.1.v20141111.jar:na]
	at org.eclipse.aether.internal.impl.DefaultArtifactResolver.performDownloads(DefaultArtifactResolver.java:520) ~[na:na]
	at org.eclipse.aether.internal.impl.DefaultArtifactResolver.resolve(DefaultArtifactResolver.java:421) ~[na:na]
	... 8 common frames omitted
2023-02-09 11:49:43,074 [Worker-21] WARN  o.e.m.c.i.embedder.EclipseLogger - Using platform encoding (Cp1252 actually) to copy filtered resources, i.e. build is platform dependent!
2023-02-09 11:49:43,077 [Worker-21] INFO  o.e.m.c.i.embedder.EclipseLogger - Copying 0 resource
2023-02-09 11:49:43,079 [Worker-21] WARN  o.e.m.c.i.embedder.EclipseLogger - Using platform encoding (Cp1252 actually) to copy filtered resources, i.e. build is platform dependent!
2023-02-09 11:49:43,081 [Worker-21] INFO  o.e.m.c.i.embedder.EclipseLogger - skip non existing resourceDirectory C:\Users\Sahiti\OneDrive\Desktop\SERVLET\proj_aa\src\test\resources
2023-02-09 11:54:23,110 [Worker-19] WARN  o.e.m.c.i.embedder.EclipseLogger - Using platform encoding (Cp1252 actually) to copy filtered resources, i.e. build is platform dependent!
2023-02-09 11:54:23,113 [Worker-19] INFO  o.e.m.c.i.embedder.EclipseLogger - Copying 0 resource
2023-02-09 11:54:23,116 [Worker-19] WARN  o.e.m.c.i.embedder.EclipseLogger - Using platform encoding (Cp1252 actually) to copy filtered resources, i.e. build is platform dependent!
2023-02-09 11:54:23,118 [Worker-19] INFO  o.e.m.c.i.embedder.EclipseLogger - skip non existing resourceDirectory C:\Users\Sahiti\OneDrive\Desktop\SERVLET\proj_aa\src\test\resources
2023-02-09 11:54:43,446 [Worker-2] WARN  o.e.m.c.i.embedder.EclipseLogger - Using platform encoding (Cp1252 actually) to copy filtered resources, i.e. build is platform dependent!
2023-02-09 11:54:43,449 [Worker-2] INFO  o.e.m.c.i.embedder.EclipseLogger - Copying 0 resource
2023-02-09 11:54:43,450 [Worker-2] WARN  o.e.m.c.i.embedder.EclipseLogger - Using platform encoding (Cp1252 actually) to copy filtered resources, i.e. build is platform dependent!
2023-02-09 11:54:43,452 [Worker-2] INFO  o.e.m.c.i.embedder.EclipseLogger - skip non existing resourceDirectory C:\Users\Sahiti\OneDrive\Desktop\SERVLET\proj_aa\src\test\resources
2023-02-09 11:56:32,591 [Worker-19] WARN  o.e.m.c.i.embedder.EclipseLogger - Using platform encoding (Cp1252 actually) to copy filtered resources, i.e. build is platform dependent!
2023-02-09 11:56:32,592 [Worker-19] INFO  o.e.m.c.i.embedder.EclipseLogger - Copying 0 resource
2023-02-09 11:56:32,595 [Worker-19] WARN  o.e.m.c.i.embedder.EclipseLogger - Using platform encoding (Cp1252 actually) to copy filtered resources, i.e. build is platform dependent!
2023-02-09 11:56:32,597 [Worker-19] INFO  o.e.m.c.i.embedder.EclipseLogger - skip non existing resourceDirectory C:\Users\Sahiti\OneDrive\Desktop\SERVLET\proj_aa\src\test\resources
2023-02-09 11:58:19,973 [Worker-22] WARN  o.e.m.c.i.embedder.EclipseLogger - Using platform encoding (Cp1252 actually) to copy filtered resources, i.e. build is platform dependent!
2023-02-09 11:58:19,981 [Worker-22] INFO  o.e.m.c.i.embedder.EclipseLogger - Copying 0 resource
2023-02-09 11:58:19,983 [Worker-22] WARN  o.e.m.c.i.embedder.EclipseLogger - Using platform encoding (Cp1252 actually) to copy filtered resources, i.e. build is platform dependent!
2023-02-09 11:58:19,984 [Worker-22] INFO  o.e.m.c.i.embedder.EclipseLogger - skip non existing resourceDirectory C:\Users\Sahiti\OneDrive\Desktop\SERVLET\proj_aa\src\test\resources
2023-02-09 12:09:32,870 [Worker-29] WARN  o.e.m.c.i.embedder.EclipseLogger - Using platform encoding (Cp1252 actually) to copy filtered resources, i.e. build is platform dependent!
2023-02-09 12:09:32,873 [Worker-29] INFO  o.e.m.c.i.embedder.EclipseLogger - Copying 0 resource
2023-02-09 12:09:32,874 [Worker-29] WARN  o.e.m.c.i.embedder.EclipseLogger - Using platform encoding (Cp1252 actually) to copy filtered resources, i.e. build is platform dependent!
2023-02-09 12:09:32,876 [Worker-29] INFO  o.e.m.c.i.embedder.EclipseLogger - skip non existing resourceDirectory C:\Users\Sahiti\OneDrive\Desktop\SERVLET\proj_aa\src\test\resources
2023-02-09 12:12:30,410 [Worker-4] WARN  o.e.m.c.i.embedder.EclipseLogger - Using platform encoding (Cp1252 actually) to copy filtered resources, i.e. build is platform dependent!
2023-02-09 12:12:30,421 [Worker-4] INFO  o.e.m.c.i.embedder.EclipseLogger - Copying 0 resource
2023-02-09 12:12:30,424 [Worker-4] WARN  o.e.m.c.i.embedder.EclipseLogger - Using platform encoding (Cp1252 actually) to copy filtered resources, i.e. build is platform dependent!
2023-02-09 12:12:30,425 [Worker-4] INFO  o.e.m.c.i.embedder.EclipseLogger - skip non existing resourceDirectory C:\Users\Sahiti\OneDrive\Desktop\SERVLET\project1_emp\src\test\resources
2023-02-09 12:15:22,483 [Worker-13] WARN  o.e.m.c.i.embedder.EclipseLogger - Using platform encoding (Cp1252 actually) to copy filtered resources, i.e. build is platform dependent!
2023-02-09 12:15:22,501 [Worker-13] INFO  o.e.m.c.i.embedder.EclipseLogger - Copying 0 resource
2023-02-09 12:15:22,501 [Worker-13] WARN  o.e.m.c.i.embedder.EclipseLogger - Using platform encoding (Cp1252 actually) to copy filtered resources, i.e. build is platform dependent!
2023-02-09 12:15:22,501 [Worker-13] INFO  o.e.m.c.i.embedder.EclipseLogger - skip non existing resourceDirectory C:\Users\Sahiti\OneDrive\Desktop\SERVLET\pro2_s\src\test\resources
2023-02-09 12:15:23,129 [Worker-13] WARN  o.e.m.c.i.embedder.EclipseLogger - Using platform encoding (Cp1252 actually) to copy filtered resources, i.e. build is platform dependent!
2023-02-09 12:15:23,137 [Worker-13] INFO  o.e.m.c.i.embedder.EclipseLogger - Copying 0 resource
2023-02-09 12:15:23,138 [Worker-13] WARN  o.e.m.c.i.embedder.EclipseLogger - Using platform encoding (Cp1252 actually) to copy filtered resources, i.e. build is platform dependent!
2023-02-09 12:15:23,138 [Worker-13] INFO  o.e.m.c.i.embedder.EclipseLogger - skip non existing resourceDirectory C:\Users\Sahiti\OneDrive\Desktop\SERVLET\proj_aa\src\test\resources
2023-02-09 12:15:23,233 [Worker-13] WARN  o.e.m.c.i.embedder.EclipseLogger - Using platform encoding (Cp1252 actually) to copy filtered resources, i.e. build is platform dependent!
2023-02-09 12:15:23,233 [Worker-13] INFO  o.e.m.c.i.embedder.EclipseLogger - Copying 0 resource
2023-02-09 12:15:23,233 [Worker-13] WARN  o.e.m.c.i.embedder.EclipseLogger - Using platform encoding (Cp1252 actually) to copy filtered resources, i.e. build is platform dependent!
2023-02-09 12:15:23,233 [Worker-13] INFO  o.e.m.c.i.embedder.EclipseLogger - skip non existing resourceDirectory C:\Users\Sahiti\OneDrive\Desktop\SERVLET\project1_emp\src\test\resources
2023-02-09 12:16:58,244 [Worker-0] WARN  o.e.m.c.i.embedder.EclipseLogger - Using platform encoding (Cp1252 actually) to copy filtered resources, i.e. build is platform dependent!
2023-02-09 12:16:58,251 [Worker-0] INFO  o.e.m.c.i.embedder.EclipseLogger - Copying 0 resource
2023-02-09 12:16:58,253 [Worker-0] WARN  o.e.m.c.i.embedder.EclipseLogger - Using platform encoding (Cp1252 actually) to copy filtered resources, i.e. build is platform dependent!
2023-02-09 12:16:58,253 [Worker-0] INFO  o.e.m.c.i.embedder.EclipseLogger - skip non existing resourceDirectory C:\Users\Sahiti\OneDrive\Desktop\SERVLET\proj_aa\src\test\resources
2023-02-09 12:18:08,625 [Worker-2] WARN  o.e.m.c.i.embedder.EclipseLogger - Using platform encoding (Cp1252 actually) to copy filtered resources, i.e. build is platform dependent!
2023-02-09 12:18:08,625 [Worker-2] INFO  o.e.m.c.i.embedder.EclipseLogger - Copying 0 resource
2023-02-09 12:18:08,625 [Worker-2] WARN  o.e.m.c.i.embedder.EclipseLogger - Using platform encoding (Cp1252 actually) to copy filtered resources, i.e. build is platform dependent!
2023-02-09 12:18:08,641 [Worker-2] INFO  o.e.m.c.i.embedder.EclipseLogger - skip non existing resourceDirectory C:\Users\Sahiti\OneDrive\Desktop\SERVLET\proj_aa\src\test\resources
2023-02-09 22:34:17,761 [Worker-8] WARN  o.e.m.c.i.embedder.EclipseLogger - Using platform encoding (Cp1252 actually) to copy filtered resources, i.e. build is platform dependent!
2023-02-09 22:34:17,776 [Worker-8] INFO  o.e.m.c.i.embedder.EclipseLogger - Copying 0 resource
2023-02-09 22:34:17,784 [Worker-8] WARN  o.e.m.c.i.embedder.EclipseLogger - Using platform encoding (Cp1252 actually) to copy filtered resources, i.e. build is platform dependent!
2023-02-09 22:34:17,785 [Worker-8] INFO  o.e.m.c.i.embedder.EclipseLogger - skip non existing resourceDirectory C:\Users\Sahiti\OneDrive\Desktop\SERVLET\pro2_s\src\test\resources
2023-02-09 22:34:19,062 [Worker-8] WARN  o.e.m.c.i.embedder.EclipseLogger - Using platform encoding (Cp1252 actually) to copy filtered resources, i.e. build is platform dependent!
2023-02-09 22:34:19,064 [Worker-8] INFO  o.e.m.c.i.embedder.EclipseLogger - Copying 0 resource
2023-02-09 22:34:19,066 [Worker-8] WARN  o.e.m.c.i.embedder.EclipseLogger - Using platform encoding (Cp1252 actually) to copy filtered resources, i.e. build is platform dependent!
2023-02-09 22:34:19,067 [Worker-8] INFO  o.e.m.c.i.embedder.EclipseLogger - skip non existing resourceDirectory C:\Users\Sahiti\OneDrive\Desktop\SERVLET\proj_aa\src\test\resources
2023-02-09 22:34:19,191 [Worker-8] WARN  o.e.m.c.i.embedder.EclipseLogger - Using platform encoding (Cp1252 actually) to copy filtered resources, i.e. build is platform dependent!
2023-02-09 22:34:19,198 [Worker-8] INFO  o.e.m.c.i.embedder.EclipseLogger - Copying 0 resource
2023-02-09 22:34:19,201 [Worker-8] WARN  o.e.m.c.i.embedder.EclipseLogger - Using platform encoding (Cp1252 actually) to copy filtered resources, i.e. build is platform dependent!
2023-02-09 22:34:19,203 [Worker-8] INFO  o.e.m.c.i.embedder.EclipseLogger - skip non existing resourceDirectory C:\Users\Sahiti\OneDrive\Desktop\SERVLET\project1_emp\src\test\resources
2023-02-09 23:08:41,133 [Worker-10] WARN  o.e.m.c.i.embedder.EclipseLogger - Using platform encoding (Cp1252 actually) to copy filtered resources, i.e. build is platform dependent!
2023-02-09 23:08:42,258 [Worker-10] INFO  o.e.m.c.i.embedder.EclipseLogger - Copying 0 resource
2023-02-09 23:08:42,259 [Worker-10] WARN  o.e.m.c.i.embedder.EclipseLogger - Using platform encoding (Cp1252 actually) to copy filtered resources, i.e. build is platform dependent!
2023-02-09 23:08:42,259 [Worker-10] INFO  o.e.m.c.i.embedder.EclipseLogger - skip non existing resourceDirectory C:\Users\Sahiti\OneDrive\Desktop\SERVLET\proj_aa\src\test\resources
2023-02-10 11:34:07,570 [Worker-3] WARN  o.e.m.c.i.embedder.EclipseLogger - Using platform encoding (Cp1252 actually) to copy filtered resources, i.e. build is platform dependent!
2023-02-10 11:34:07,577 [Worker-3] INFO  o.e.m.c.i.embedder.EclipseLogger - Copying 0 resource
2023-02-10 11:34:07,579 [Worker-3] WARN  o.e.m.c.i.embedder.EclipseLogger - Using platform encoding (Cp1252 actually) to copy filtered resources, i.e. build is platform dependent!
2023-02-10 11:34:07,579 [Worker-3] INFO  o.e.m.c.i.embedder.EclipseLogger - skip non existing resourceDirectory C:\Users\Sahiti\OneDrive\Desktop\SERVLET\pro2_s\src\test\resources
2023-02-10 11:34:09,307 [Worker-3] WARN  o.e.m.c.i.embedder.EclipseLogger - Using platform encoding (Cp1252 actually) to copy filtered resources, i.e. build is platform dependent!
2023-02-10 11:34:09,310 [Worker-3] INFO  o.e.m.c.i.embedder.EclipseLogger - Copying 0 resource
2023-02-10 11:34:09,311 [Worker-3] WARN  o.e.m.c.i.embedder.EclipseLogger - Using platform encoding (Cp1252 actually) to copy filtered resources, i.e. build is platform dependent!
2023-02-10 11:34:09,312 [Worker-3] INFO  o.e.m.c.i.embedder.EclipseLogger - skip non existing resourceDirectory C:\Users\Sahiti\OneDrive\Desktop\SERVLET\proj_aa\src\test\resources
2023-02-10 11:34:09,412 [Worker-3] WARN  o.e.m.c.i.embedder.EclipseLogger - Using platform encoding (Cp1252 actually) to copy filtered resources, i.e. build is platform dependent!
2023-02-10 11:34:09,413 [Worker-3] INFO  o.e.m.c.i.embedder.EclipseLogger - Copying 0 resource
2023-02-10 11:34:09,414 [Worker-3] WARN  o.e.m.c.i.embedder.EclipseLogger - Using platform encoding (Cp1252 actually) to copy filtered resources, i.e. build is platform dependent!
2023-02-10 11:34:09,415 [Worker-3] INFO  o.e.m.c.i.embedder.EclipseLogger - skip non existing resourceDirectory C:\Users\Sahiti\OneDrive\Desktop\SERVLET\project1_emp\src\test\resources
2023-02-11 11:41:04,664 [Worker-0] WARN  o.e.m.c.i.embedder.EclipseLogger - Using platform encoding (Cp1252 actually) to copy filtered resources, i.e. build is platform dependent!
2023-02-11 11:41:04,673 [Worker-0] INFO  o.e.m.c.i.embedder.EclipseLogger - Copying 0 resource
2023-02-11 11:41:04,675 [Worker-0] WARN  o.e.m.c.i.embedder.EclipseLogger - Using platform encoding (Cp1252 actually) to copy filtered resources, i.e. build is platform dependent!
2023-02-11 11:41:04,676 [Worker-0] INFO  o.e.m.c.i.embedder.EclipseLogger - skip non existing resourceDirectory C:\Users\Sahiti\OneDrive\Desktop\SERVLET\pro2_s\src\test\resources
2023-02-11 11:41:07,099 [Worker-0] WARN  o.e.m.c.i.embedder.EclipseLogger - Using platform encoding (Cp1252 actually) to copy filtered resources, i.e. build is platform dependent!
2023-02-11 11:41:07,101 [Worker-0] INFO  o.e.m.c.i.embedder.EclipseLogger - Copying 0 resource
2023-02-11 11:41:07,102 [Worker-0] WARN  o.e.m.c.i.embedder.EclipseLogger - Using platform encoding (Cp1252 actually) to copy filtered resources, i.e. build is platform dependent!
2023-02-11 11:41:07,104 [Worker-0] INFO  o.e.m.c.i.embedder.EclipseLogger - skip non existing resourceDirectory C:\Users\Sahiti\OneDrive\Desktop\SERVLET\proj_aa\src\test\resources
2023-02-11 11:41:07,282 [Worker-0] WARN  o.e.m.c.i.embedder.EclipseLogger - Using platform encoding (Cp1252 actually) to copy filtered resources, i.e. build is platform dependent!
2023-02-11 11:41:07,285 [Worker-0] INFO  o.e.m.c.i.embedder.EclipseLogger - Copying 0 resource
2023-02-11 11:41:07,287 [Worker-0] WARN  o.e.m.c.i.embedder.EclipseLogger - Using platform encoding (Cp1252 actually) to copy filtered resources, i.e. build is platform dependent!
2023-02-11 11:41:07,288 [Worker-0] INFO  o.e.m.c.i.embedder.EclipseLogger - skip non existing resourceDirectory C:\Users\Sahiti\OneDrive\Desktop\SERVLET\project1_emp\src\test\resources
2023-02-13 11:25:48,876 [Worker-10] WARN  o.e.m.c.i.embedder.EclipseLogger - Using platform encoding (Cp1252 actually) to copy filtered resources, i.e. build is platform dependent!
2023-02-13 11:25:48,884 [Worker-10] INFO  o.e.m.c.i.embedder.EclipseLogger - Copying 0 resource
2023-02-13 11:25:48,887 [Worker-10] WARN  o.e.m.c.i.embedder.EclipseLogger - Using platform encoding (Cp1252 actually) to copy filtered resources, i.e. build is platform dependent!
2023-02-13 11:25:48,888 [Worker-10] INFO  o.e.m.c.i.embedder.EclipseLogger - skip non existing resourceDirectory C:\Users\Sahiti\OneDrive\Desktop\SERVLET\pro2_s\src\test\resources
2023-02-13 11:25:51,113 [Worker-9] WARN  o.e.m.c.i.embedder.EclipseLogger - Using platform encoding (Cp1252 actually) to copy filtered resources, i.e. build is platform dependent!
2023-02-13 11:25:51,116 [Worker-9] INFO  o.e.m.c.i.embedder.EclipseLogger - Copying 0 resource
2023-02-13 11:25:51,118 [Worker-9] WARN  o.e.m.c.i.embedder.EclipseLogger - Using platform encoding (Cp1252 actually) to copy filtered resources, i.e. build is platform dependent!
2023-02-13 11:25:51,119 [Worker-9] INFO  o.e.m.c.i.embedder.EclipseLogger - skip non existing resourceDirectory C:\Users\Sahiti\OneDrive\Desktop\SERVLET\proj_aa\src\test\resources
2023-02-13 11:25:51,198 [Worker-9] WARN  o.e.m.c.i.embedder.EclipseLogger - Using platform encoding (Cp1252 actually) to copy filtered resources, i.e. build is platform dependent!
2023-02-13 11:25:51,200 [Worker-9] INFO  o.e.m.c.i.embedder.EclipseLogger - Copying 0 resource
2023-02-13 11:25:51,202 [Worker-9] WARN  o.e.m.c.i.embedder.EclipseLogger - Using platform encoding (Cp1252 actually) to copy filtered resources, i.e. build is platform dependent!
2023-02-13 11:25:51,203 [Worker-9] INFO  o.e.m.c.i.embedder.EclipseLogger - skip non existing resourceDirectory C:\Users\Sahiti\OneDrive\Desktop\SERVLET\project1_emp\src\test\resources
2023-02-13 11:36:44,731 [Worker-28] WARN  o.e.m.c.i.embedder.EclipseLogger - Using platform encoding (Cp1252 actually) to copy filtered resources, i.e. build is platform dependent!
2023-02-13 11:36:44,958 [Worker-28] INFO  o.e.m.c.i.embedder.EclipseLogger - Copying 0 resource
2023-02-13 11:36:44,960 [Worker-28] WARN  o.e.m.c.i.embedder.EclipseLogger - Using platform encoding (Cp1252 actually) to copy filtered resources, i.e. build is platform dependent!
2023-02-13 11:36:44,961 [Worker-28] INFO  o.e.m.c.i.embedder.EclipseLogger - skip non existing resourceDirectory C:\Users\Sahiti\OneDrive\Desktop\SERVLET\proj_aa\src\test\resources
2023-02-14 11:39:49,111 [Worker-7] WARN  o.e.m.c.i.embedder.EclipseLogger - Using platform encoding (Cp1252 actually) to copy filtered resources, i.e. build is platform dependent!
2023-02-14 11:39:49,122 [Worker-7] INFO  o.e.m.c.i.embedder.EclipseLogger - Copying 0 resource
2023-02-14 11:39:49,125 [Worker-7] WARN  o.e.m.c.i.embedder.EclipseLogger - Using platform encoding (Cp1252 actually) to copy filtered resources, i.e. build is platform dependent!
2023-02-14 11:39:49,126 [Worker-7] INFO  o.e.m.c.i.embedder.EclipseLogger - skip non existing resourceDirectory C:\Users\Sahiti\OneDrive\Desktop\SERVLET\pro2_s\src\test\resources
2023-02-14 11:39:51,566 [Worker-7] WARN  o.e.m.c.i.embedder.EclipseLogger - Using platform encoding (Cp1252 actually) to copy filtered resources, i.e. build is platform dependent!
2023-02-14 11:39:51,568 [Worker-7] INFO  o.e.m.c.i.embedder.EclipseLogger - Copying 0 resource
2023-02-14 11:39:51,571 [Worker-7] WARN  o.e.m.c.i.embedder.EclipseLogger - Using platform encoding (Cp1252 actually) to copy filtered resources, i.e. build is platform dependent!
2023-02-14 11:39:51,572 [Worker-7] INFO  o.e.m.c.i.embedder.EclipseLogger - skip non existing resourceDirectory C:\Users\Sahiti\OneDrive\Desktop\SERVLET\proj_aa\src\test\resources
2023-02-14 11:39:51,924 [Worker-14] WARN  o.e.m.c.i.embedder.EclipseLogger - Using platform encoding (Cp1252 actually) to copy filtered resources, i.e. build is platform dependent!
2023-02-14 11:39:51,925 [Worker-14] INFO  o.e.m.c.i.embedder.EclipseLogger - Copying 0 resource
2023-02-14 11:39:51,926 [Worker-14] WARN  o.e.m.c.i.embedder.EclipseLogger - Using platform encoding (Cp1252 actually) to copy filtered resources, i.e. build is platform dependent!
2023-02-14 11:39:51,927 [Worker-14] INFO  o.e.m.c.i.embedder.EclipseLogger - skip non existing resourceDirectory C:\Users\Sahiti\OneDrive\Desktop\SERVLET\project1_emp\src\test\resources
